2019-11-12 17:02:48.371  INFO 44881 --- [restartedMain] com.accp.Java1SpringbootApplication      : Starting Java1SpringbootApplication on bogon with PID 44881 (/Users/tangyong/workspace/sts/java1-springboot/target/classes started by tangyong in /Users/tangyong/workspace/sts/java1-springboot)
2019-11-12 17:02:48.371 DEBUG 44881 --- [restartedMain] com.accp.Java1SpringbootApplication      : Running with Spring Boot v2.2.1.RELEASE, Spring v5.2.1.RELEASE
2019-11-12 17:02:48.371  INFO 44881 --- [restartedMain] com.accp.Java1SpringbootApplication      : No active profile set, falling back to default profiles: default
2019-11-12 17:02:48.601  WARN 44881 --- [restartedMain] org.apache.tomcat.util.modeler.Registry  : The MBean registry cannot be disabled because it has already been initialised
2019-11-12 17:02:48.613  INFO 44881 --- [restartedMain] o.s.b.w.embedded.tomcat.TomcatWebServer  : Tomcat initialized with port(s): 8080 (http)
2019-11-12 17:02:48.614  INFO 44881 --- [restartedMain] o.apache.catalina.core.StandardService   : Starting service [Tomcat]
2019-11-12 17:02:48.615  INFO 44881 --- [restartedMain] org.apache.catalina.core.StandardEngine  : Starting Servlet engine: [Apache Tomcat/9.0.27]
2019-11-12 17:02:48.619  INFO 44881 --- [restartedMain] o.a.c.c.C.[Tomcat].[localhost].[/]       : Initializing Spring embedded WebApplicationContext
2019-11-12 17:02:48.620 DEBUG 44881 --- [restartedMain] o.s.web.context.ContextLoader            : Published root WebApplicationContext as ServletContext attribute with name [org.springframework.web.context.WebApplicationContext.ROOT]
2019-11-12 17:02:48.620  INFO 44881 --- [restartedMain] o.s.web.context.ContextLoader            : Root WebApplicationContext: initialization completed in 245 ms
2019-11-12 17:02:48.716 DEBUG 44881 --- [restartedMain] s.w.s.m.m.a.RequestMappingHandlerMapping : 7 mappings in 'requestMappingHandlerMapping'
2019-11-12 17:02:48.725 DEBUG 44881 --- [restartedMain] o.s.w.s.handler.SimpleUrlHandlerMapping  : Patterns [/**] in 'resourceHandlerMapping'
2019-11-12 17:02:48.739 DEBUG 44881 --- [restartedMain] s.w.s.m.m.a.RequestMappingHandlerAdapter : ControllerAdvice beans: 0 @ModelAttribute, 0 @InitBinder, 1 RequestBodyAdvice, 1 ResponseBodyAdvice
2019-11-12 17:02:48.746 DEBUG 44881 --- [restartedMain] .m.m.a.ExceptionHandlerExceptionResolver : ControllerAdvice beans: 0 @ExceptionHandler, 1 ResponseBodyAdvice
2019-11-12 17:02:48.810  INFO 44881 --- [restartedMain] o.s.b.d.a.OptionalLiveReloadServer       : LiveReload server is running on port 35729
2019-11-12 17:02:48.824  INFO 44881 --- [restartedMain] o.s.b.w.embedded.tomcat.TomcatWebServer  : Tomcat started on port(s): 8080 (http) with context path ''
2019-11-12 17:02:48.825  INFO 44881 --- [restartedMain] com.accp.Java1SpringbootApplication      : Started Java1SpringbootApplication in 1.488 seconds (JVM running for 119.469)
2019-11-12 17:02:48.827  INFO 44881 --- [restartedMain] .ConditionEvaluationDeltaLoggingListener : Condition evaluation unchanged
2019-11-12 17:14:21.787  WARN 44895 --- [restartedMain] o.s.boot.StartupInfoLogger               : InetAddress.getLocalHost().getHostName() took 3019 milliseconds to respond. Please verify your network configuration (macOS machines may need to add entries to /etc/hosts).
2019-11-12 17:14:21.795  INFO 44895 --- [restartedMain] com.accp.Java1SpringbootApplication      : Starting Java1SpringbootApplication on bogon with PID 44895 (/Users/tangyong/workspace/sts/java1-springboot/target/classes started by tangyong in /Users/tangyong/workspace/sts/java1-springboot)
2019-11-12 17:14:21.795 DEBUG 44895 --- [restartedMain] com.accp.Java1SpringbootApplication      : Running with Spring Boot v2.2.1.RELEASE, Spring v5.2.1.RELEASE
2019-11-12 17:14:21.797  INFO 44895 --- [restartedMain] com.accp.Java1SpringbootApplication      : No active profile set, falling back to default profiles: default
2019-11-12 17:14:21.838  INFO 44895 --- [restartedMain] .e.DevToolsPropertyDefaultsPostProcessor : Devtools property defaults active! Set 'spring.devtools.add-properties' to 'false' to disable
2019-11-12 17:14:21.838  INFO 44895 --- [restartedMain] .e.DevToolsPropertyDefaultsPostProcessor : For additional web related logging consider setting the 'logging.level.web' property to 'DEBUG'
2019-11-12 17:14:22.633  INFO 44895 --- [restartedMain] o.s.b.w.embedded.tomcat.TomcatWebServer  : Tomcat initialized with port(s): 8080 (http)
2019-11-12 17:14:22.640  INFO 44895 --- [restartedMain] o.apache.catalina.core.StandardService   : Starting service [Tomcat]
2019-11-12 17:14:22.640  INFO 44895 --- [restartedMain] org.apache.catalina.core.StandardEngine  : Starting Servlet engine: [Apache Tomcat/9.0.27]
2019-11-12 17:14:22.682  INFO 44895 --- [restartedMain] o.a.c.c.C.[Tomcat].[localhost].[/]       : Initializing Spring embedded WebApplicationContext
2019-11-12 17:14:22.682 DEBUG 44895 --- [restartedMain] o.s.web.context.ContextLoader            : Published root WebApplicationContext as ServletContext attribute with name [org.springframework.web.context.WebApplicationContext.ROOT]
2019-11-12 17:14:22.682  INFO 44895 --- [restartedMain] o.s.web.context.ContextLoader            : Root WebApplicationContext: initialization completed in 844 ms
2019-11-12 17:14:23.006 DEBUG 44895 --- [restartedMain] s.w.s.m.m.a.RequestMappingHandlerMapping : 7 mappings in 'requestMappingHandlerMapping'
2019-11-12 17:14:23.108 DEBUG 44895 --- [restartedMain] o.s.w.s.handler.SimpleUrlHandlerMapping  : Patterns [/**] in 'resourceHandlerMapping'
2019-11-12 17:14:23.133 DEBUG 44895 --- [restartedMain] s.w.s.m.m.a.RequestMappingHandlerAdapter : ControllerAdvice beans: 0 @ModelAttribute, 0 @InitBinder, 1 RequestBodyAdvice, 1 ResponseBodyAdvice
2019-11-12 17:14:23.155 DEBUG 44895 --- [restartedMain] .m.m.a.ExceptionHandlerExceptionResolver : ControllerAdvice beans: 0 @ExceptionHandler, 1 ResponseBodyAdvice
2019-11-12 17:14:23.292  INFO 44895 --- [restartedMain] o.s.b.d.a.OptionalLiveReloadServer       : LiveReload server is running on port 35729
2019-11-12 17:14:23.342  INFO 44895 --- [restartedMain] o.s.b.w.embedded.tomcat.TomcatWebServer  : Tomcat started on port(s): 8080 (http) with context path ''
2019-11-12 17:14:23.345  INFO 44895 --- [restartedMain] com.accp.Java1SpringbootApplication      : Started Java1SpringbootApplication in 87.589 seconds (JVM running for 91.866)
