2019-11-12 16:55:44.224  INFO 44869 --- [restartedMain] com.accp.Java1SpringbootApplication      : Starting Java1SpringbootApplication on bogon with PID 44869 (/Users/tangyong/workspace/sts/java1-springboot/target/classes started by tangyong in /Users/tangyong/workspace/sts/java1-springboot)
2019-11-12 16:55:44.225 DEBUG 44869 --- [restartedMain] com.accp.Java1SpringbootApplication      : Running with Spring Boot v2.2.1.RELEASE, Spring v5.2.1.RELEASE
2019-11-12 16:55:44.225  INFO 44869 --- [restartedMain] com.accp.Java1SpringbootApplication      : No active profile set, falling back to default profiles: default
2019-11-12 16:55:44.408  WARN 44869 --- [restartedMain] org.apache.tomcat.util.modeler.Registry  : The MBean registry cannot be disabled because it has already been initialised
2019-11-12 16:55:44.416  INFO 44869 --- [restartedMain] o.s.b.w.embedded.tomcat.TomcatWebServer  : Tomcat initialized with port(s): 8080 (http)
2019-11-12 16:55:44.416  INFO 44869 --- [restartedMain] o.apache.catalina.core.StandardService   : Starting service [Tomcat]
2019-11-12 16:55:44.416  INFO 44869 --- [restartedMain] org.apache.catalina.core.StandardEngine  : Starting Servlet engine: [Apache Tomcat/9.0.27]
2019-11-12 16:55:44.420  INFO 44869 --- [restartedMain] o.a.c.c.C.[Tomcat].[localhost].[/]       : Initializing Spring embedded WebApplicationContext
2019-11-12 16:55:44.420 DEBUG 44869 --- [restartedMain] o.s.web.context.ContextLoader            : Published root WebApplicationContext as ServletContext attribute with name [org.springframework.web.context.WebApplicationContext.ROOT]
2019-11-12 16:55:44.420  INFO 44869 --- [restartedMain] o.s.web.context.ContextLoader            : Root WebApplicationContext: initialization completed in 191 ms
2019-11-12 16:55:44.494 DEBUG 44869 --- [restartedMain] s.w.s.m.m.a.RequestMappingHandlerMapping : 7 mappings in 'requestMappingHandlerMapping'
2019-11-12 16:55:44.502 DEBUG 44869 --- [restartedMain] o.s.w.s.handler.SimpleUrlHandlerMapping  : Patterns [/**] in 'resourceHandlerMapping'
2019-11-12 16:55:44.513 DEBUG 44869 --- [restartedMain] s.w.s.m.m.a.RequestMappingHandlerAdapter : ControllerAdvice beans: 0 @ModelAttribute, 0 @InitBinder, 1 RequestBodyAdvice, 1 ResponseBodyAdvice
2019-11-12 16:55:44.519 DEBUG 44869 --- [restartedMain] .m.m.a.ExceptionHandlerExceptionResolver : ControllerAdvice beans: 0 @ExceptionHandler, 1 ResponseBodyAdvice
2019-11-12 16:55:44.578  INFO 44869 --- [restartedMain] o.s.b.d.a.OptionalLiveReloadServer       : LiveReload server is running on port 35729
2019-11-12 16:55:44.592  INFO 44869 --- [restartedMain] o.s.b.w.embedded.tomcat.TomcatWebServer  : Tomcat started on port(s): 8080 (http) with context path ''
2019-11-12 16:55:44.594  INFO 44869 --- [restartedMain] com.accp.Java1SpringbootApplication      : Started Java1SpringbootApplication in 0.407 seconds (JVM running for 23.402)
2019-11-12 16:55:44.597  INFO 44869 --- [restartedMain] .ConditionEvaluationDeltaLoggingListener : Condition evaluation unchanged
2019-11-12 16:55:48.747  INFO 44869 --- [RMI TCP Connection(3)-127.0.0.1] inMXBeanRegistrar$SpringApplicationAdmin : Application shutdown requested.
2019-11-12 16:55:52.228  INFO 44872 --- [restartedMain] com.accp.Java1SpringbootApplication      : Starting Java1SpringbootApplication on bogon with PID 44872 (/Users/tangyong/workspace/sts/java1-springboot/target/classes started by tangyong in /Users/tangyong/workspace/sts/java1-springboot)
2019-11-12 16:55:52.231 DEBUG 44872 --- [restartedMain] com.accp.Java1SpringbootApplication      : Running with Spring Boot v2.2.1.RELEASE, Spring v5.2.1.RELEASE
2019-11-12 16:55:52.232  INFO 44872 --- [restartedMain] com.accp.Java1SpringbootApplication      : No active profile set, falling back to default profiles: default
2019-11-12 16:55:52.287  INFO 44872 --- [restartedMain] .e.DevToolsPropertyDefaultsPostProcessor : Devtools property defaults active! Set 'spring.devtools.add-properties' to 'false' to disable
2019-11-12 16:55:52.287  INFO 44872 --- [restartedMain] .e.DevToolsPropertyDefaultsPostProcessor : For additional web related logging consider setting the 'logging.level.web' property to 'DEBUG'
2019-11-12 16:55:53.091  INFO 44872 --- [restartedMain] o.s.b.w.embedded.tomcat.TomcatWebServer  : Tomcat initialized with port(s): 8080 (http)
2019-11-12 16:55:53.098  INFO 44872 --- [restartedMain] o.apache.catalina.core.StandardService   : Starting service [Tomcat]
2019-11-12 16:55:53.098  INFO 44872 --- [restartedMain] org.apache.catalina.core.StandardEngine  : Starting Servlet engine: [Apache Tomcat/9.0.27]
2019-11-12 16:55:53.144  INFO 44872 --- [restartedMain] o.a.c.c.C.[Tomcat].[localhost].[/]       : Initializing Spring embedded WebApplicationContext
2019-11-12 16:55:53.145 DEBUG 44872 --- [restartedMain] o.s.web.context.ContextLoader            : Published root WebApplicationContext as ServletContext attribute with name [org.springframework.web.context.WebApplicationContext.ROOT]
2019-11-12 16:55:53.145  INFO 44872 --- [restartedMain] o.s.web.context.ContextLoader            : Root WebApplicationContext: initialization completed in 858 ms
2019-11-12 16:55:53.459 DEBUG 44872 --- [restartedMain] s.w.s.m.m.a.RequestMappingHandlerMapping : 7 mappings in 'requestMappingHandlerMapping'
2019-11-12 16:55:53.507 DEBUG 44872 --- [restartedMain] o.s.w.s.handler.SimpleUrlHandlerMapping  : Patterns [/**] in 'resourceHandlerMapping'
2019-11-12 16:55:53.531 DEBUG 44872 --- [restartedMain] s.w.s.m.m.a.RequestMappingHandlerAdapter : ControllerAdvice beans: 0 @ModelAttribute, 0 @InitBinder, 1 RequestBodyAdvice, 1 ResponseBodyAdvice
2019-11-12 16:55:53.613 DEBUG 44872 --- [restartedMain] .m.m.a.ExceptionHandlerExceptionResolver : ControllerAdvice beans: 0 @ExceptionHandler, 1 ResponseBodyAdvice
2019-11-12 16:55:53.752  INFO 44872 --- [restartedMain] o.s.b.d.a.OptionalLiveReloadServer       : LiveReload server is running on port 35729
2019-11-12 16:55:53.799  INFO 44872 --- [restartedMain] o.s.b.w.embedded.tomcat.TomcatWebServer  : Tomcat started on port(s): 8080 (http) with context path ''
2019-11-12 16:55:53.802  INFO 44872 --- [restartedMain] com.accp.Java1SpringbootApplication      : Started Java1SpringbootApplication in 1.82 seconds (JVM running for 2.3)
2019-11-12 16:56:08.141  INFO 44872 --- [http-nio-8080-exec-1] o.a.c.c.C.[Tomcat].[localhost].[/]       : Initializing Spring DispatcherServlet 'dispatcherServlet'
2019-11-12 16:56:08.142  INFO 44872 --- [http-nio-8080-exec-1] o.s.web.servlet.DispatcherServlet        : Initializing Servlet 'dispatcherServlet'
2019-11-12 16:56:08.142 DEBUG 44872 --- [http-nio-8080-exec-1] o.s.web.servlet.DispatcherServlet        : Detected StandardServletMultipartResolver
2019-11-12 16:56:08.146 DEBUG 44872 --- [http-nio-8080-exec-1] o.s.web.servlet.DispatcherServlet        : enableLoggingRequestDetails='false': request parameters and headers will be masked to prevent unsafe logging of potentially sensitive data
2019-11-12 16:56:08.147  INFO 44872 --- [http-nio-8080-exec-1] o.s.web.servlet.DispatcherServlet        : Completed initialization in 5 ms
2019-11-12 16:56:08.153 DEBUG 44872 --- [http-nio-8080-exec-1] o.s.web.servlet.DispatcherServlet        : GET "/toPage", parameters={}
2019-11-12 16:56:08.156 DEBUG 44872 --- [http-nio-8080-exec-1] s.w.s.m.m.a.RequestMappingHandlerMapping : Mapped to com.accp.controller.StudentController#toPage()
2019-11-12 16:56:08.354 DEBUG 44872 --- [http-nio-8080-exec-1] o.s.web.servlet.DispatcherServlet        : Completed 200 OK
2019-11-12 16:56:08.534 DEBUG 44872 --- [http-nio-8080-exec-2] o.s.web.servlet.DispatcherServlet        : POST "/findPage", parameters={masked}
2019-11-12 16:56:08.534 DEBUG 44872 --- [http-nio-8080-exec-2] s.w.s.m.m.a.RequestMappingHandlerMapping : Mapped to com.accp.controller.StudentController#find(Integer, Integer)
2019-11-12 16:56:08.547  INFO 44872 --- [http-nio-8080-exec-2] com.zaxxer.hikari.HikariDataSource       : HikariPool-1 - Starting...
2019-11-12 16:56:08.845  INFO 44872 --- [http-nio-8080-exec-2] com.zaxxer.hikari.HikariDataSource       : HikariPool-1 - Start completed.
2019-11-12 16:56:08.918 DEBUG 44872 --- [http-nio-8080-exec-2] c.a.m.S.selectByExample_COUNT            : ==>  Preparing: SELECT count(0) FROM student 
2019-11-12 16:56:08.935 DEBUG 44872 --- [http-nio-8080-exec-2] c.a.m.S.selectByExample_COUNT            : ==> Parameters: 
2019-11-12 16:56:08.976 DEBUG 44872 --- [http-nio-8080-exec-2] c.a.m.S.selectByExample_COUNT            : <==      Total: 1
2019-11-12 16:56:08.977 DEBUG 44872 --- [http-nio-8080-exec-2] c.a.m.StudentMapper.selectByExample      : ==>  Preparing: select id, name, age, birthday, clazzid, url from student LIMIT ? 
2019-11-12 16:56:08.978 DEBUG 44872 --- [http-nio-8080-exec-2] c.a.m.StudentMapper.selectByExample      : ==> Parameters: 2(Integer)
2019-11-12 16:56:08.980 DEBUG 44872 --- [http-nio-8080-exec-2] c.a.m.StudentMapper.selectByExample      : <==      Total: 2
2019-11-12 16:56:08.989 DEBUG 44872 --- [http-nio-8080-exec-2] m.m.a.RequestResponseBodyMethodProcessor : Using 'application/json', given [application/json, text/javascript, */*;q=0.01] and supported [*/*]
2019-11-12 16:56:08.990 DEBUG 44872 --- [http-nio-8080-exec-2] m.m.a.RequestResponseBodyMethodProcessor : Writing [PageInfo{pageNum=1, pageSize=2, size=2, startRow=1, endRow=2, total=5, pages=3, list=Page{count=true (truncated)...]
2019-11-12 16:56:09.012 DEBUG 44872 --- [http-nio-8080-exec-2] o.s.web.servlet.DispatcherServlet        : Completed 200 OK
2019-11-12 16:56:24.455  INFO 44872 --- [Thread-6] com.zaxxer.hikari.HikariDataSource       : HikariPool-1 - Shutdown initiated...
2019-11-12 16:56:24.473  INFO 44872 --- [Thread-6] com.zaxxer.hikari.HikariDataSource       : HikariPool-1 - Shutdown completed.
